21:08:07,629 INFORMAÇÕES [org.jboss.modules] JBoss Modules version 1.1.1.GA
21:08:07,879 INFO  [org.jboss.msc] JBoss MSC version 1.0.2.GA
21:08:07,932 INFO  [org.jboss.as] JBAS015899: JBoss AS 7.1.1.Final "Brontes" starting
21:08:08,784 INFO  [org.xnio] XNIO Version 3.0.3.GA
21:08:08,797 INFO  [org.jboss.as.server] JBAS015888: Creating http management service using socket-binding (management-http)
21:08:08,800 INFO  [org.xnio.nio] XNIO NIO Implementation Version 3.0.3.GA
21:08:08,809 INFO  [org.jboss.remoting] JBoss Remoting version 3.2.3.GA
21:08:08,893 INFO  [org.jboss.as.logging] JBAS011502: Removing bootstrap log handlers
21:08:08,899 INFO  [org.jboss.as.configadmin] (ServerService Thread Pool -- 26) JBAS016200: Activating ConfigAdmin Subsystem
21:08:08,916 INFO  [org.jboss.as.clustering.infinispan] (ServerService Thread Pool -- 31) JBAS010280: Activating Infinispan subsystem.
21:08:08,932 INFO  [org.jboss.as.connector.subsystems.datasources] (ServerService Thread Pool -- 27) JBAS010403: Deploying JDBC-compliant driver class org.h2.Driver (version 1.3)
21:08:08,979 INFO  [org.jboss.as.connector] (MSC service thread 1-5) JBAS010408: Starting JCA Subsystem (JBoss IronJacamar 1.0.9.Final)
21:08:08,992 INFO  [org.jboss.as.osgi] (ServerService Thread Pool -- 39) JBAS011940: Activating OSGi Subsystem
21:08:09,005 INFO  [org.jboss.as.naming] (ServerService Thread Pool -- 38) JBAS011800: Activating Naming Subsystem
21:08:09,013 INFO  [org.jboss.as.webservices] (ServerService Thread Pool -- 48) JBAS015537: Activating WebServices Extension
21:08:09,032 INFO  [org.jboss.as.security] (ServerService Thread Pool -- 44) JBAS013101: Activating Security Subsystem
21:08:09,035 INFO  [org.jboss.as.security] (MSC service thread 1-5) JBAS013100: Current PicketBox version=4.0.7.Final
21:08:09,063 INFO  [org.jboss.as.naming] (MSC service thread 1-2) JBAS011802: Starting Naming Service
21:08:09,066 INFO  [org.jboss.as.mail.extension] (MSC service thread 1-5) JBAS015400: Bound mail session [java:jboss/mail/Default]
21:08:09,198 INFO  [org.jboss.ws.common.management.AbstractServerConfig] (MSC service thread 1-8) JBoss Web Services - Stack CXF Server 4.0.2.GA
21:08:09,659 INFO  [org.apache.coyote.http11.Http11Protocol] (MSC service thread 1-7) Starting Coyote HTTP/1.1 on http-localhost-127.0.0.1-8080
21:08:09,973 INFO  [org.jboss.as.server.deployment.scanner] (MSC service thread 1-2) JBAS015012: Started FileSystemDeploymentService for directory E:\ejde\jboss-as-7.1.1.Final\standalone\deployments
21:08:10,007 INFO  [org.jboss.as.remoting] (MSC service thread 1-4) JBAS017100: Listening on localhost/127.0.0.1:4447
21:08:10,008 INFO  [org.jboss.as.remoting] (MSC service thread 1-5) JBAS017100: Listening on localhost/127.0.0.1:9999
21:08:10,029 INFO  [org.jboss.as.server.deployment.scanner] (DeploymentScanner-threads - 1) JBAS015003: Found hellojaxrs.war in deployment directory. To trigger deployment create a file called hellojaxrs.war.dodeploy
21:08:10,142 INFO  [org.jboss.as.connector.subsystems.datasources] (MSC service thread 1-3) JBAS010400: Bound data source [java:jboss/datasources/ExampleDS]
21:08:10,198 INFO  [org.jboss.as.server.deployment] (MSC service thread 1-4) JBAS015876: Starting deployment of "hellojaxrs.war"
21:08:10,300 ERROR [org.jboss.remoting.remote.connection] (Remoting "desktop-60ks3o0:MANAGEMENT" read-1) JBREM000200: Remote connection failed: java.io.IOException: Uma conexão estabelecida foi anulada pelo software no computador host
21:08:10,306 ERROR [org.jboss.remoting.remote.connection] (Remoting "desktop-60ks3o0:MANAGEMENT" read-1) JBREM000200: Remote connection failed: java.io.IOException: Uma conexão estabelecida foi anulada pelo software no computador host
21:08:11,080 WARN  [org.jboss.as.server.deployment] (MSC service thread 1-4) Class Path entry jaxb-api.jar in "/E:/ejde/jboss-as-7.1.1.Final/standalone/deployments/hellojaxrs.war/WEB-INF/lib/jaxb-impl-2.2.3-1.jar"  does not point to a valid jar for a Class-Path reference.
21:08:11,082 WARN  [org.jboss.as.server.deployment] (MSC service thread 1-4) Class Path entry activation.jar in "/E:/ejde/jboss-as-7.1.1.Final/standalone/deployments/hellojaxrs.war/WEB-INF/lib/jaxb-impl-2.2.3-1.jar"  does not point to a valid jar for a Class-Path reference.
21:08:11,083 WARN  [org.jboss.as.server.deployment] (MSC service thread 1-4) Class Path entry jsr173_1.0_api.jar in "/E:/ejde/jboss-as-7.1.1.Final/standalone/deployments/hellojaxrs.war/WEB-INF/lib/jaxb-impl-2.2.3-1.jar"  does not point to a valid jar for a Class-Path reference.
21:08:11,085 WARN  [org.jboss.as.server.deployment] (MSC service thread 1-4) Class Path entry jaxb1-impl.jar in "/E:/ejde/jboss-as-7.1.1.Final/standalone/deployments/hellojaxrs.war/WEB-INF/lib/jaxb-impl-2.2.3-1.jar"  does not point to a valid jar for a Class-Path reference.
21:08:11,156 WARN  [org.jboss.as.server.deployment] (MSC service thread 1-2) JBAS015893: Encountered invalid class name 'com.sun.jersey.core.impl.provider.entity.XMLRootElementProvider$App' for service type 'javax.ws.rs.ext.MessageBodyReader'
21:08:11,157 WARN  [org.jboss.as.server.deployment] (MSC service thread 1-2) JBAS015893: Encountered invalid class name 'com.sun.jersey.core.impl.provider.entity.XMLRootElementProvider$Text' for service type 'javax.ws.rs.ext.MessageBodyReader'
21:08:11,158 WARN  [org.jboss.as.server.deployment] (MSC service thread 1-2) JBAS015893: Encountered invalid class name 'com.sun.jersey.core.impl.provider.entity.XMLRootElementProvider$General' for service type 'javax.ws.rs.ext.MessageBodyReader'
21:08:11,159 WARN  [org.jboss.as.server.deployment] (MSC service thread 1-2) JBAS015893: Encountered invalid class name 'com.sun.jersey.core.impl.provider.entity.XMLJAXBElementProvider$App' for service type 'javax.ws.rs.ext.MessageBodyReader'
21:08:11,160 WARN  [org.jboss.as.server.deployment] (MSC service thread 1-2) JBAS015893: Encountered invalid class name 'com.sun.jersey.core.impl.provider.entity.XMLJAXBElementProvider$Text' for service type 'javax.ws.rs.ext.MessageBodyReader'
21:08:11,161 WARN  [org.jboss.as.server.deployment] (MSC service thread 1-2) JBAS015893: Encountered invalid class name 'com.sun.jersey.core.impl.provider.entity.XMLJAXBElementProvider$General' for service type 'javax.ws.rs.ext.MessageBodyReader'
21:08:11,162 WARN  [org.jboss.as.server.deployment] (MSC service thread 1-2) JBAS015893: Encountered invalid class name 'com.sun.jersey.core.impl.provider.entity.XMLListElementProvider$App' for service type 'javax.ws.rs.ext.MessageBodyReader'
21:08:11,163 WARN  [org.jboss.as.server.deployment] (MSC service thread 1-2) JBAS015893: Encountered invalid class name 'com.sun.jersey.core.impl.provider.entity.XMLListElementProvider$Text' for service type 'javax.ws.rs.ext.MessageBodyReader'
21:08:11,164 WARN  [org.jboss.as.server.deployment] (MSC service thread 1-2) JBAS015893: Encountered invalid class name 'com.sun.jersey.core.impl.provider.entity.XMLListElementProvider$General' for service type 'javax.ws.rs.ext.MessageBodyReader'
21:08:11,165 WARN  [org.jboss.as.server.deployment] (MSC service thread 1-2) JBAS015893: Encountered invalid class name 'com.sun.jersey.core.impl.provider.entity.SourceProvider$StreamSourceReader' for service type 'javax.ws.rs.ext.MessageBodyReader'
21:08:11,166 WARN  [org.jboss.as.server.deployment] (MSC service thread 1-2) JBAS015893: Encountered invalid class name 'com.sun.jersey.core.impl.provider.entity.SourceProvider$SAXSourceReader' for service type 'javax.ws.rs.ext.MessageBodyReader'
21:08:11,167 WARN  [org.jboss.as.server.deployment] (MSC service thread 1-2) JBAS015893: Encountered invalid class name 'com.sun.jersey.core.impl.provider.entity.SourceProvider$DOMSourceReader' for service type 'javax.ws.rs.ext.MessageBodyReader'
21:08:11,168 WARN  [org.jboss.as.server.deployment] (MSC service thread 1-2) JBAS015893: Encountered invalid class name 'com.sun.jersey.core.impl.provider.entity.XMLRootObjectProvider$App' for service type 'javax.ws.rs.ext.MessageBodyReader'
21:08:11,169 WARN  [org.jboss.as.server.deployment] (MSC service thread 1-2) JBAS015893: Encountered invalid class name 'com.sun.jersey.core.impl.provider.entity.XMLRootObjectProvider$Text' for service type 'javax.ws.rs.ext.MessageBodyReader'
21:08:11,170 WARN  [org.jboss.as.server.deployment] (MSC service thread 1-2) JBAS015893: Encountered invalid class name 'com.sun.jersey.core.impl.provider.entity.XMLRootObjectProvider$General' for service type 'javax.ws.rs.ext.MessageBodyReader'
21:08:11,171 WARN  [org.jboss.as.server.deployment] (MSC service thread 1-2) JBAS015893: Encountered invalid class name 'com.sun.jersey.core.impl.provider.entity.XMLRootElementProvider$App' for service type 'javax.ws.rs.ext.MessageBodyWriter'
21:08:11,172 WARN  [org.jboss.as.server.deployment] (MSC service thread 1-2) JBAS015893: Encountered invalid class name 'com.sun.jersey.core.impl.provider.entity.XMLRootElementProvider$Text' for service type 'javax.ws.rs.ext.MessageBodyWriter'
21:08:11,173 WARN  [org.jboss.as.server.deployment] (MSC service thread 1-2) JBAS015893: Encountered invalid class name 'com.sun.jersey.core.impl.provider.entity.XMLRootElementProvider$General' for service type 'javax.ws.rs.ext.MessageBodyWriter'
21:08:11,174 WARN  [org.jboss.as.server.deployment] (MSC service thread 1-2) JBAS015893: Encountered invalid class name 'com.sun.jersey.core.impl.provider.entity.XMLJAXBElementProvider$App' for service type 'javax.ws.rs.ext.MessageBodyWriter'
21:08:11,175 WARN  [org.jboss.as.server.deployment] (MSC service thread 1-2) JBAS015893: Encountered invalid class name 'com.sun.jersey.core.impl.provider.entity.XMLJAXBElementProvider$Text' for service type 'javax.ws.rs.ext.MessageBodyWriter'
21:08:11,176 WARN  [org.jboss.as.server.deployment] (MSC service thread 1-2) JBAS015893: Encountered invalid class name 'com.sun.jersey.core.impl.provider.entity.XMLJAXBElementProvider$General' for service type 'javax.ws.rs.ext.MessageBodyWriter'
21:08:11,177 WARN  [org.jboss.as.server.deployment] (MSC service thread 1-2) JBAS015893: Encountered invalid class name 'com.sun.jersey.core.impl.provider.entity.XMLListElementProvider$App' for service type 'javax.ws.rs.ext.MessageBodyWriter'
21:08:11,178 WARN  [org.jboss.as.server.deployment] (MSC service thread 1-2) JBAS015893: Encountered invalid class name 'com.sun.jersey.core.impl.provider.entity.XMLListElementProvider$Text' for service type 'javax.ws.rs.ext.MessageBodyWriter'
21:08:11,179 WARN  [org.jboss.as.server.deployment] (MSC service thread 1-2) JBAS015893: Encountered invalid class name 'com.sun.jersey.core.impl.provider.entity.XMLListElementProvider$General' for service type 'javax.ws.rs.ext.MessageBodyWriter'
21:08:11,180 WARN  [org.jboss.as.server.deployment] (MSC service thread 1-2) JBAS015893: Encountered invalid class name 'com.sun.jersey.core.impl.provider.entity.SourceProvider$SourceWriter' for service type 'javax.ws.rs.ext.MessageBodyWriter'
21:08:11,181 WARN  [org.jboss.as.server.deployment] (MSC service thread 1-2) JBAS015893: Encountered invalid class name 'com.sun.jersey.json.impl.provider.entity.JSONRootElementProvider$App' for service type 'javax.ws.rs.ext.MessageBodyReader'
21:08:11,182 WARN  [org.jboss.as.server.deployment] (MSC service thread 1-2) JBAS015893: Encountered invalid class name 'com.sun.jersey.json.impl.provider.entity.JSONRootElementProvider$General' for service type 'javax.ws.rs.ext.MessageBodyReader'
21:08:11,183 WARN  [org.jboss.as.server.deployment] (MSC service thread 1-2) JBAS015893: Encountered invalid class name 'com.sun.jersey.json.impl.provider.entity.JSONJAXBElementProvider$App' for service type 'javax.ws.rs.ext.MessageBodyReader'
21:08:11,184 WARN  [org.jboss.as.server.deployment] (MSC service thread 1-2) JBAS015893: Encountered invalid class name 'com.sun.jersey.json.impl.provider.entity.JSONJAXBElementProvider$General' for service type 'javax.ws.rs.ext.MessageBodyReader'
21:08:11,185 WARN  [org.jboss.as.server.deployment] (MSC service thread 1-2) JBAS015893: Encountered invalid class name 'com.sun.jersey.json.impl.provider.entity.JSONListElementProvider$App' for service type 'javax.ws.rs.ext.MessageBodyReader'
21:08:11,186 WARN  [org.jboss.as.server.deployment] (MSC service thread 1-2) JBAS015893: Encountered invalid class name 'com.sun.jersey.json.impl.provider.entity.JSONListElementProvider$General' for service type 'javax.ws.rs.ext.MessageBodyReader'
21:08:11,188 WARN  [org.jboss.as.server.deployment] (MSC service thread 1-2) JBAS015893: Encountered invalid class name 'com.sun.jersey.json.impl.provider.entity.JSONArrayProvider$App' for service type 'javax.ws.rs.ext.MessageBodyReader'
21:08:11,189 WARN  [org.jboss.as.server.deployment] (MSC service thread 1-2) JBAS015893: Encountered invalid class name 'com.sun.jersey.json.impl.provider.entity.JSONArrayProvider$General' for service type 'javax.ws.rs.ext.MessageBodyReader'
21:08:11,190 WARN  [org.jboss.as.server.deployment] (MSC service thread 1-2) JBAS015893: Encountered invalid class name 'com.sun.jersey.json.impl.provider.entity.JSONObjectProvider$App' for service type 'javax.ws.rs.ext.MessageBodyReader'
21:08:11,190 WARN  [org.jboss.as.server.deployment] (MSC service thread 1-2) JBAS015893: Encountered invalid class name 'com.sun.jersey.json.impl.provider.entity.JSONObjectProvider$General' for service type 'javax.ws.rs.ext.MessageBodyReader'
21:08:11,192 WARN  [org.jboss.as.server.deployment] (MSC service thread 1-2) JBAS015893: Encountered invalid class name 'com.sun.jersey.json.impl.provider.entity.JSONRootElementProvider$App' for service type 'javax.ws.rs.ext.MessageBodyWriter'
21:08:11,193 WARN  [org.jboss.as.server.deployment] (MSC service thread 1-2) JBAS015893: Encountered invalid class name 'com.sun.jersey.json.impl.provider.entity.JSONRootElementProvider$General' for service type 'javax.ws.rs.ext.MessageBodyWriter'
21:08:11,194 WARN  [org.jboss.as.server.deployment] (MSC service thread 1-2) JBAS015893: Encountered invalid class name 'com.sun.jersey.json.impl.provider.entity.JSONJAXBElementProvider$App' for service type 'javax.ws.rs.ext.MessageBodyWriter'
21:08:11,194 WARN  [org.jboss.as.server.deployment] (MSC service thread 1-2) JBAS015893: Encountered invalid class name 'com.sun.jersey.json.impl.provider.entity.JSONJAXBElementProvider$General' for service type 'javax.ws.rs.ext.MessageBodyWriter'
21:08:11,195 WARN  [org.jboss.as.server.deployment] (MSC service thread 1-2) JBAS015893: Encountered invalid class name 'com.sun.jersey.json.impl.provider.entity.JSONListElementProvider$App' for service type 'javax.ws.rs.ext.MessageBodyWriter'
21:08:11,195 WARN  [org.jboss.as.server.deployment] (MSC service thread 1-2) JBAS015893: Encountered invalid class name 'com.sun.jersey.json.impl.provider.entity.JSONListElementProvider$General' for service type 'javax.ws.rs.ext.MessageBodyWriter'
21:08:11,196 WARN  [org.jboss.as.server.deployment] (MSC service thread 1-2) JBAS015893: Encountered invalid class name 'com.sun.jersey.json.impl.provider.entity.JSONArrayProvider$App' for service type 'javax.ws.rs.ext.MessageBodyWriter'
21:08:11,197 WARN  [org.jboss.as.server.deployment] (MSC service thread 1-2) JBAS015893: Encountered invalid class name 'com.sun.jersey.json.impl.provider.entity.JSONArrayProvider$General' for service type 'javax.ws.rs.ext.MessageBodyWriter'
21:08:11,198 WARN  [org.jboss.as.server.deployment] (MSC service thread 1-2) JBAS015893: Encountered invalid class name 'com.sun.jersey.json.impl.provider.entity.JSONObjectProvider$App' for service type 'javax.ws.rs.ext.MessageBodyWriter'
21:08:11,199 WARN  [org.jboss.as.server.deployment] (MSC service thread 1-2) JBAS015893: Encountered invalid class name 'com.sun.jersey.json.impl.provider.entity.JSONObjectProvider$General' for service type 'javax.ws.rs.ext.MessageBodyWriter'
21:08:11,331 INFO  [org.jboss.as.ejb3.deployment.processors.EjbJndiBindingsDeploymentUnitProcessor] (MSC service thread 1-6) JNDI bindings for session bean named HelloResource in deployment unit deployment "hellojaxrs.war" are as follows:

	java:global/hellojaxrs/HelloResource!org.demo.hellojaxrs.api.HelloResource
	java:app/hellojaxrs/HelloResource!org.demo.hellojaxrs.api.HelloResource
	java:module/HelloResource!org.demo.hellojaxrs.api.HelloResource
	java:global/hellojaxrs/HelloResource
	java:app/hellojaxrs/HelloResource
	java:module/HelloResource

21:08:11,624 INFO  [org.jboss.web] (MSC service thread 1-6) JBAS018210: Registering web context: /hellojaxrs
21:08:11,629 INFO  [org.jboss.as] (MSC service thread 1-7) JBAS015951: Admin console listening on http://127.0.0.1:9990
21:08:11,630 INFO  [org.jboss.as] (MSC service thread 1-7) JBAS015874: JBoss AS 7.1.1.Final "Brontes" started in 4294ms - Started 185 of 262 services (76 services are passive or on-demand)
21:08:11,786 INFO  [org.jboss.as.server] (DeploymentScanner-threads - 2) JBAS018559: Deployed "hellojaxrs.war"
